Arguments: 
  /home/beckspoppn/.config/nvm/14.13.1/bin/node /home/beckspoppn/.config/nvm/14.13.1/bin/yarn add SWRev

PATH: 
  /home/beckspoppn/.nimble/bin:/home/beckspoppn/.config/nvm:/snap/:/snap/bin/:/home/beckspoppn/go:/usr/local/go:/home/beckspoppn/go/bin/:/home/beckspoppn/.local/bin/:/home/beckspoppn/.local/share/applications:/usr/bin:/home/beckspoppn/.cargo/bin:/home/beckspoppn/.config/nvm/14.13.1/bin:/home/beckspoppn/.nimble/bin:/home/beckspoppn/.config/nvm:/snap/:/snap/bin/:/home/beckspoppn/go:/usr/local/go:/home/beckspoppn/go/bin/:/home/beckspoppn/.local/bin/:/home/beckspoppn/.local/share/applications:/usr/bin:/home/beckspoppn/.cargo/bin:/home/beckspoppn/.cargo/bin:/home/beckspoppn/.local/bin:/usr/local/sbin:/usr/local/bin:/usr/sbin:/usr/bin:/sbin:/bin:/usr/games:/usr/local/games:/snap/bin:/home/beckspoppn/.dotnet/tools

Yarn version: 
  1.22.10

Node version: 
  14.13.1

Platform: 
  linux x64

Trace: 
  Error: https://registry.yarnpkg.com/SWRev: Not found
      at Request.params.callback [as _callback] (/home/beckspoppn/.config/nvm/14.13.1/lib/node_modules/yarn/lib/cli.js:66988:18)
      at Request.self.callback (/home/beckspoppn/.config/nvm/14.13.1/lib/node_modules/yarn/lib/cli.js:140662:22)
      at Request.emit (events.js:314:20)
      at Request.<anonymous> (/home/beckspoppn/.config/nvm/14.13.1/lib/node_modules/yarn/lib/cli.js:141634:10)
      at Request.emit (events.js:314:20)
      at IncomingMessage.<anonymous> (/home/beckspoppn/.config/nvm/14.13.1/lib/node_modules/yarn/lib/cli.js:141556:12)
      at Object.onceWrapper (events.js:420:28)
      at IncomingMessage.emit (events.js:326:22)
      at endReadableNT (_stream_readable.js:1252:12)
      at processTicksAndRejections (internal/process/task_queues.js:80:21)

npm manifest: 
  {
    "name": "octane",
    "version": "1.0.0",
    "description": "",
    "main": "index.js",
    "directories": {
      "test": "tests"
    },
    "scripts": {
      "test": "echo \"Error: no test specified\" && exit 1"
    },
    "repository": {
      "type": "git",
      "url": "git+https://github.com/g5becks/octane.git"
    },
    "keywords": [],
    "author": "",
    "license": "ISC",
    "bugs": {
      "url": "https://github.com/g5becks/octane/issues"
    },
    "homepage": "https://github.com/g5becks/octane#readme",
    "dependencies": {
      "csx": "^10.0.1",
      "cxs": "^6.2.0",
      "otion": "^0.6.2",
      "print": "^1.2.0",
      "sinuous": "^0.27.11"
    },
    "devDependencies": {
      "esbuild": "^0.8.0"
    }
  }

yarn manifest: 
  No manifest

Lockfile: 
  # THIS IS AN AUTOGENERATED FILE. DO NOT EDIT THIS FILE DIRECTLY.
  # yarn lockfile v1
  
  
  "@emotion/hash@^0.8.0":
    version "0.8.0"
    resolved "https://registry.yarnpkg.com/@emotion/hash/-/hash-0.8.0.tgz#bbbff68978fefdbe68ccb533bc8cbe1d1afb5413"
    integrity sha512-kBJtf7PH6aWwZ6fka3zQ0p6SBYzx4fl1LoZXE2RrnYST9Xljm7WfKJrU4g/Xr3Beg72MLrp1AWNUmuYJTL7Cow==
  
  csstype@^2.5.1:
    version "2.6.13"
    resolved "https://registry.yarnpkg.com/csstype/-/csstype-2.6.13.tgz#a6893015b90e84dd6e85d0e3b442a1e84f2dbe0f"
    integrity sha512-ul26pfSQTZW8dcOnD2iiJssfXw0gdNVX9IJDH/X3K5DGPfj+fUYe3kB+swUY6BF3oZDxaID3AJt+9/ojSAE05A==
  
  csstype@^3.0.2:
    version "3.0.4"
    resolved "https://registry.yarnpkg.com/csstype/-/csstype-3.0.4.tgz#b156d7be03b84ff425c9a0a4b1e5f4da9c5ca888"
    integrity sha512-xc8DUsCLmjvCfoD7LTGE0ou2MIWLx0K9RCZwSHMOdynqRsP4MtUcLeqh1HcQ2dInwDTqn+3CE0/FZh1et+p4jA==
  
  csx@^10.0.1:
    version "10.0.1"
    resolved "https://registry.yarnpkg.com/csx/-/csx-10.0.1.tgz#1b94a8297fb9f2a5c158e277a0961a5841d7ea18"
    integrity sha512-eiumhK/Ke6KpcuaGqCcdfEW+M1R7dJBdsSeQaUq2cVpHXGe3WIQVEL7tlWUmgZlILGdPi7MqrbwXADmZg+uQgA==
    dependencies:
      csstype "^2.5.1"
  
  cxs@^6.2.0:
    version "6.2.0"
    resolved "https://registry.yarnpkg.com/cxs/-/cxs-6.2.0.tgz#f11ca3bdaef154b93bdadca5df70f2cb3e37ca24"
    integrity sha512-RGatb1BUwVMBzV8DRo9Kapc55bdGfAxMcukVk+ZzE3Ts8xaTve0GVz730kBDxjhEBU2LK+RPuAcjZb00Q3O24w==
  
  esbuild@^0.8.0:
    version "0.8.0"
    resolved "https://registry.yarnpkg.com/esbuild/-/esbuild-0.8.0.tgz#3173e851303dce0682ebbcbaf6072b991dd6f60e"
    integrity sha512-xCHJpLRlU0NIANQHNsiMDNC/HlrKoye7iH5YOcoZNurauUZgMhjmm9PCal+Oo9ARYZrWxN15mykbfCX//UEvng==
  
  otion@^0.6.2:
    version "0.6.2"
    resolved "https://registry.yarnpkg.com/otion/-/otion-0.6.2.tgz#5ccfb6aa919b7f04137f0538abd1bba228b9a633"
    integrity sha512-f99O7+MHnjf3QYwYN3N16w3CVw9o2K1P1haeGtaMyPacBPi5Y0NV8NrPldyYoF1uBAln21wEnIiJHAZ/MldO2g==
    dependencies:
      "@emotion/hash" "^0.8.0"
      csstype "^3.0.2"
      tiny-css-prefixer "^1.1.4"
  
  print@^1.2.0:
    version "1.2.0"
    resolved "https://registry.yarnpkg.com/print/-/print-1.2.0.tgz#bb00a4996b426367dd13dba70c052fa4f3e26167"
    integrity sha512-mB2lIC1SVWGkSGfhuJjkG+9DmFnCOzY2F65GQyzOUFKRVRcUmlgb1rHLMu+BMKFkHUOwU3g7WKJ6+ll0kFr4yw==
  
  sinuous@^0.27.11:
    version "0.27.11"
    resolved "https://registry.yarnpkg.com/sinuous/-/sinuous-0.27.11.tgz#85f8f0b18607ca8e2205ccfda61f5dde34806643"
    integrity sha512-2UzzlJfyhsCcpZOvh7uFzL4e/1EaFFy6d0FTaqJm1zImktl9WixAnNOwUpptnLKMA0jMKXEsD+3/HQpWuxz7mg==
  
  tiny-css-prefixer@^1.1.4:
    version "1.1.4"
    resolved "https://registry.yarnpkg.com/tiny-css-prefixer/-/tiny-css-prefixer-1.1.4.tgz#b96a0aa6b312227d996e9c303645e3ae2f194086"
    integrity sha512-QLnDGLUmMkNlSuWogBaSu92uQnvWhcQwUc+MG8L4YgBkjSmBkAz29pTq+8Rh3YWR1TwPrjuZDKWzO7v4PXkipQ==
